Start testing: May 02 17:14 CEST
----------------------------------------------------------
1/1 Testing: LibraryTest1
1/1 Test: LibraryTest1
Command: "/home/student/gitrepo/mkac_wt_1400_02/kostyk/Workshop/CarRental/build/library/LibraryTest" "--report_level=detailed" "--log_level=all" "--color_output=yes"
Directory: /home/student/gitrepo/mkac_wt_1400_02/kostyk/Workshop/CarRental/build/library
"LibraryTest1" start time: May 02 17:14 CEST
Output:
----------------------------------------------------------
Running 24 test cases...
[1;34;49mEntering test module "Master Test Suite"
[0;39;49m[1;34;49m/home/student/gitrepo/mkac_wt_1400_02/kostyk/Workshop/CarRental/tests/ClientTest.cpp(23): Entering test suite "TestSuiteClient"
[0;39;49m[1;34;49m/home/student/gitrepo/mkac_wt_1400_02/kostyk/Workshop/CarRental/tests/ClientTest.cpp(25): Entering test case "ParameterConstrutorTest"
[0;39;49m/home/student/gitrepo/mkac_wt_1400_02/kostyk/Workshop/CarRental/tests/ClientTest.cpp(28): [1;32;49minfo: check testFirstName == c.getFirstName() has passed[0;39;49m
/home/student/gitrepo/mkac_wt_1400_02/kostyk/Workshop/CarRental/tests/ClientTest.cpp(29): [1;32;49minfo: check testLastName == c.getLastName() has passed[0;39;49m
/home/student/gitrepo/mkac_wt_1400_02/kostyk/Workshop/CarRental/tests/ClientTest.cpp(30): [1;32;49minfo: check testPersonalID == c.getPersonalId() has passed[0;39;49m
/home/student/gitrepo/mkac_wt_1400_02/kostyk/Workshop/CarRental/tests/ClientTest.cpp(31): [1;32;49minfo: check testaddress1 == c.getAddress() has passed[0;39;49m
[1;34;49m/home/student/gitrepo/mkac_wt_1400_02/kostyk/Workshop/CarRental/tests/ClientTest.cpp(25): Leaving test case "ParameterConstrutorTest"; testing time: 154us
[0;39;49m[1;34;49m/home/student/gitrepo/mkac_wt_1400_02/kostyk/Workshop/CarRental/tests/ClientTest.cpp(34): Entering test case "ClientgetFirstNameTest"
[0;39;49m/home/student/gitrepo/mkac_wt_1400_02/kostyk/Workshop/CarRental/tests/ClientTest.cpp(36): [1;32;49minfo: check c.getFirstName() == testFirstName has passed[0;39;49m
[1;34;49m/home/student/gitrepo/mkac_wt_1400_02/kostyk/Workshop/CarRental/tests/ClientTest.cpp(34): Leaving test case "ClientgetFirstNameTest"; testing time: 166us
[0;39;49m[1;34;49m/home/student/gitrepo/mkac_wt_1400_02/kostyk/Workshop/CarRental/tests/ClientTest.cpp(39): Entering test case "ClientgetLastNameTest"
[0;39;49m/home/student/gitrepo/mkac_wt_1400_02/kostyk/Workshop/CarRental/tests/ClientTest.cpp(41): [1;32;49minfo: check c.getLastName() == testLastName has passed[0;39;49m
[1;34;49m/home/student/gitrepo/mkac_wt_1400_02/kostyk/Workshop/CarRental/tests/ClientTest.cpp(39): Leaving test case "ClientgetLastNameTest"; testing time: 151us
[0;39;49m[1;34;49m/home/student/gitrepo/mkac_wt_1400_02/kostyk/Workshop/CarRental/tests/ClientTest.cpp(44): Entering test case "ClientgetPerssonalIDTest"
[0;39;49m/home/student/gitrepo/mkac_wt_1400_02/kostyk/Workshop/CarRental/tests/ClientTest.cpp(46): [1;32;49minfo: check c.getPersonalId() == testPersonalID has passed[0;39;49m
[1;34;49m/home/student/gitrepo/mkac_wt_1400_02/kostyk/Workshop/CarRental/tests/ClientTest.cpp(44): Leaving test case "ClientgetPerssonalIDTest"; testing time: 173us
[0;39;49m[1;34;49m/home/student/gitrepo/mkac_wt_1400_02/kostyk/Workshop/CarRental/tests/ClientTest.cpp(49): Entering test case "ClientgetAddress"
[0;39;49m/home/student/gitrepo/mkac_wt_1400_02/kostyk/Workshop/CarRental/tests/ClientTest.cpp(51): [1;32;49minfo: check c.getAddress() == testaddress1 has passed[0;39;49m
[1;34;49m/home/student/gitrepo/mkac_wt_1400_02/kostyk/Workshop/CarRental/tests/ClientTest.cpp(49): Leaving test case "ClientgetAddress"; testing time: 142us
[0;39;49m[1;34;49m/home/student/gitrepo/mkac_wt_1400_02/kostyk/Workshop/CarRental/tests/ClientTest.cpp(54): Entering test case "ClientsetFirstNameTest"
[0;39;49m/home/student/gitrepo/mkac_wt_1400_02/kostyk/Workshop/CarRental/tests/ClientTest.cpp(57): [1;32;49minfo: check c.getFirstName() == "dupa" has passed[0;39;49m
[1;34;49m/home/student/gitrepo/mkac_wt_1400_02/kostyk/Workshop/CarRental/tests/ClientTest.cpp(54): Leaving test case "ClientsetFirstNameTest"; testing time: 181us
[0;39;49m[1;34;49m/home/student/gitrepo/mkac_wt_1400_02/kostyk/Workshop/CarRental/tests/ClientTest.cpp(60): Entering test case "ClientsetLastNameTest"
[0;39;49m/home/student/gitrepo/mkac_wt_1400_02/kostyk/Workshop/CarRental/tests/ClientTest.cpp(63): [1;32;49minfo: check c.getLastName() == "Kowalski" has passed[0;39;49m
[1;34;49m/home/student/gitrepo/mkac_wt_1400_02/kostyk/Workshop/CarRental/tests/ClientTest.cpp(60): Leaving test case "ClientsetLastNameTest"; testing time: 132us
[0;39;49m[1;34;49m/home/student/gitrepo/mkac_wt_1400_02/kostyk/Workshop/CarRental/tests/ClientTest.cpp(66): Entering test case "ClientsetPersonalIDTest"
[0;39;49m/home/student/gitrepo/mkac_wt_1400_02/kostyk/Workshop/CarRental/tests/ClientTest.cpp(69): [1;32;49minfo: check c.getPersonalId() == "123512351355" has passed[0;39;49m
[1;34;49m/home/student/gitrepo/mkac_wt_1400_02/kostyk/Workshop/CarRental/tests/ClientTest.cpp(66): Leaving test case "ClientsetPersonalIDTest"; testing time: 112us
[0;39;49m[1;34;49m/home/student/gitrepo/mkac_wt_1400_02/kostyk/Workshop/CarRental/tests/ClientTest.cpp(72): Entering test case "ClientsetAddress"
[0;39;49m/home/student/gitrepo/mkac_wt_1400_02/kostyk/Workshop/CarRental/tests/ClientTest.cpp(75): [1;32;49minfo: check c.getAddress() == testaddress2 has passed[0;39;49m
[1;34;49m/home/student/gitrepo/mkac_wt_1400_02/kostyk/Workshop/CarRental/tests/ClientTest.cpp(72): Leaving test case "ClientsetAddress"; testing time: 110us
[0;39;49m[1;34;49m/home/student/gitrepo/mkac_wt_1400_02/kostyk/Workshop/CarRental/tests/ClientTest.cpp(23): Leaving test suite "TestSuiteClient"; testing time: 1407us
[0;39;49m[1;34;49m/home/student/gitrepo/mkac_wt_1400_02/kostyk/Workshop/CarRental/tests/AddressTest.cpp(10): Entering test suite "TestSuiteAddress"
[0;39;49m[1;34;49m/home/student/gitrepo/mkac_wt_1400_02/kostyk/Workshop/CarRental/tests/AddressTest.cpp(12): Entering test case "ParameterConstrutorTest"
[0;39;49m/home/student/gitrepo/mkac_wt_1400_02/kostyk/Workshop/CarRental/tests/AddressTest.cpp(15): [1;32;49minfo: check testCity == a.getCity() has passed[0;39;49m
/home/student/gitrepo/mkac_wt_1400_02/kostyk/Workshop/CarRental/tests/AddressTest.cpp(16): [1;32;49minfo: check testStreet == a.getStreet() has passed[0;39;49m
/home/student/gitrepo/mkac_wt_1400_02/kostyk/Workshop/CarRental/tests/AddressTest.cpp(17): [1;32;49minfo: check testNumber == a.getNumber() has passed[0;39;49m
[1;34;49m/home/student/gitrepo/mkac_wt_1400_02/kostyk/Workshop/CarRental/tests/AddressTest.cpp(12): Leaving test case "ParameterConstrutorTest"; testing time: 139us
[0;39;49m[1;34;49m/home/student/gitrepo/mkac_wt_1400_02/kostyk/Workshop/CarRental/tests/AddressTest.cpp(20): Entering test case "AddressgetCity"
[0;39;49m/home/student/gitrepo/mkac_wt_1400_02/kostyk/Workshop/CarRental/tests/AddressTest.cpp(22): [1;32;49minfo: check a.getCity() == testCity has passed[0;39;49m
[1;34;49m/home/student/gitrepo/mkac_wt_1400_02/kostyk/Workshop/CarRental/tests/AddressTest.cpp(20): Leaving test case "AddressgetCity"; testing time: 111us
[0;39;49m[1;34;49m/home/student/gitrepo/mkac_wt_1400_02/kostyk/Workshop/CarRental/tests/AddressTest.cpp(25): Entering test case "AddressgetStreet"
[0;39;49m/home/student/gitrepo/mkac_wt_1400_02/kostyk/Workshop/CarRental/tests/AddressTest.cpp(27): [1;32;49minfo: check a.getStreet() == testStreet has passed[0;39;49m
[1;34;49m/home/student/gitrepo/mkac_wt_1400_02/kostyk/Workshop/CarRental/tests/AddressTest.cpp(25): Leaving test case "AddressgetStreet"; testing time: 109us
[0;39;49m[1;34;49m/home/student/gitrepo/mkac_wt_1400_02/kostyk/Workshop/CarRental/tests/AddressTest.cpp(30): Entering test case "AddressgetNumber"
[0;39;49m/home/student/gitrepo/mkac_wt_1400_02/kostyk/Workshop/CarRental/tests/AddressTest.cpp(32): [1;32;49minfo: check a.getNumber() == testNumber has passed[0;39;49m
[1;34;49m/home/student/gitrepo/mkac_wt_1400_02/kostyk/Workshop/CarRental/tests/AddressTest.cpp(30): Leaving test case "AddressgetNumber"; testing time: 109us
[0;39;49m[1;34;49m/home/student/gitrepo/mkac_wt_1400_02/kostyk/Workshop/CarRental/tests/AddressTest.cpp(35): Entering test case "AddresssetCity"
[0;39;49m/home/student/gitrepo/mkac_wt_1400_02/kostyk/Workshop/CarRental/tests/AddressTest.cpp(38): [1;32;49minfo: check a.getCity() == "dupa" has passed[0;39;49m
[1;34;49m/home/student/gitrepo/mkac_wt_1400_02/kostyk/Workshop/CarRental/tests/AddressTest.cpp(35): Leaving test case "AddresssetCity"; testing time: 108us
[0;39;49m[1;34;49m/home/student/gitrepo/mkac_wt_1400_02/kostyk/Workshop/CarRental/tests/AddressTest.cpp(41): Entering test case "AddresssetStreet"
[0;39;49m/home/student/gitrepo/mkac_wt_1400_02/kostyk/Workshop/CarRental/tests/AddressTest.cpp(44): [1;32;49minfo: check a.getStreet() == testStreet has passed[0;39;49m
[1;34;49m/home/student/gitrepo/mkac_wt_1400_02/kostyk/Workshop/CarRental/tests/AddressTest.cpp(41): Leaving test case "AddresssetStreet"; testing time: 109us
[0;39;49m[1;34;49m/home/student/gitrepo/mkac_wt_1400_02/kostyk/Workshop/CarRental/tests/AddressTest.cpp(47): Entering test case "AddresssetNumber"
[0;39;49m/home/student/gitrepo/mkac_wt_1400_02/kostyk/Workshop/CarRental/tests/AddressTest.cpp(50): [1;32;49minfo: check a.getNumber() == "123512351355" has passed[0;39;49m
[1;34;49m/home/student/gitrepo/mkac_wt_1400_02/kostyk/Workshop/CarRental/tests/AddressTest.cpp(47): Leaving test case "AddresssetNumber"; testing time: 109us
[0;39;49m[1;34;49m/home/student/gitrepo/mkac_wt_1400_02/kostyk/Workshop/CarRental/tests/AddressTest.cpp(10): Leaving test suite "TestSuiteAddress"; testing time: 858us
[0;39;49m[1;34;49m/home/student/gitrepo/mkac_wt_1400_02/kostyk/Workshop/CarRental/tests/VehicleTest.cpp(11): Entering test suite "TestSuiteVehicle"
[0;39;49m[1;34;49m/home/student/gitrepo/mkac_wt_1400_02/kostyk/Workshop/CarRental/tests/VehicleTest.cpp(13): Entering test case "ParameterConstrutorTest"
[0;39;49m/home/student/gitrepo/mkac_wt_1400_02/kostyk/Workshop/CarRental/tests/VehicleTest.cpp(16): [1;32;49minfo: check testPlateNumber == v.getPlateNumber() has passed[0;39;49m
/home/student/gitrepo/mkac_wt_1400_02/kostyk/Workshop/CarRental/tests/VehicleTest.cpp(17): [1;32;49minfo: check testBasePrice == v.getBasePrice() has passed[0;39;49m
[1;34;49m/home/student/gitrepo/mkac_wt_1400_02/kostyk/Workshop/CarRental/tests/VehicleTest.cpp(13): Leaving test case "ParameterConstrutorTest"; testing time: 128us
[0;39;49m[1;34;49m/home/student/gitrepo/mkac_wt_1400_02/kostyk/Workshop/CarRental/tests/VehicleTest.cpp(20): Entering test case "VehiclegetPlateNumberTest"
[0;39;49m/home/student/gitrepo/mkac_wt_1400_02/kostyk/Workshop/CarRental/tests/VehicleTest.cpp(22): [1;32;49minfo: check v.getPlateNumber() == testPlateNumber has passed[0;39;49m
[1;34;49m/home/student/gitrepo/mkac_wt_1400_02/kostyk/Workshop/CarRental/tests/VehicleTest.cpp(20): Leaving test case "VehiclegetPlateNumberTest"; testing time: 124us
[0;39;49m[1;34;49m/home/student/gitrepo/mkac_wt_1400_02/kostyk/Workshop/CarRental/tests/VehicleTest.cpp(25): Entering test case "VehiclegetBasePrice"
[0;39;49m/home/student/gitrepo/mkac_wt_1400_02/kostyk/Workshop/CarRental/tests/VehicleTest.cpp(27): [1;32;49minfo: check v.getBasePrice() == testBasePrice has passed[0;39;49m
[1;34;49m/home/student/gitrepo/mkac_wt_1400_02/kostyk/Workshop/CarRental/tests/VehicleTest.cpp(25): Leaving test case "VehiclegetBasePrice"; testing time: 108us
[0;39;49m[1;34;49m/home/student/gitrepo/mkac_wt_1400_02/kostyk/Workshop/CarRental/tests/VehicleTest.cpp(30): Entering test case "VehiclesetPlateNumber"
[0;39;49m/home/student/gitrepo/mkac_wt_1400_02/kostyk/Workshop/CarRental/tests/VehicleTest.cpp(33): [1;32;49minfo: check v.getPlateNumber() == "123" has passed[0;39;49m
[1;34;49m/home/student/gitrepo/mkac_wt_1400_02/kostyk/Workshop/CarRental/tests/VehicleTest.cpp(30): Leaving test case "VehiclesetPlateNumber"; testing time: 108us
[0;39;49m[1;34;49m/home/student/gitrepo/mkac_wt_1400_02/kostyk/Workshop/CarRental/tests/VehicleTest.cpp(36): Entering test case "VehiclesetBasePrice"
[0;39;49m/home/student/gitrepo/mkac_wt_1400_02/kostyk/Workshop/CarRental/tests/VehicleTest.cpp(39): [1;32;49minfo: check v.getBasePrice() == 123 has passed[0;39;49m
[1;34;49m/home/student/gitrepo/mkac_wt_1400_02/kostyk/Workshop/CarRental/tests/VehicleTest.cpp(36): Leaving test case "VehiclesetBasePrice"; testing time: 129us
[0;39;49m[1;34;49m/home/student/gitrepo/mkac_wt_1400_02/kostyk/Workshop/CarRental/tests/VehicleTest.cpp(11): Leaving test suite "TestSuiteVehicle"; testing time: 640us
[0;39;49m[1;34;49m/home/student/gitrepo/mkac_wt_1400_02/kostyk/Workshop/CarRental/tests/RentTest.cpp(27): Entering test suite "TestSuiteRent"
[0;39;49m[1;34;49m/home/student/gitrepo/mkac_wt_1400_02/kostyk/Workshop/CarRental/tests/RentTest.cpp(29): Entering test case "ParameterConstrutorTest"
[0;39;49m/home/student/gitrepo/mkac_wt_1400_02/kostyk/Workshop/CarRental/tests/RentTest.cpp(31): [1;32;49minfo: check testId == r.getId() has passed[0;39;49m
/home/student/gitrepo/mkac_wt_1400_02/kostyk/Workshop/CarRental/tests/RentTest.cpp(32): [1;32;49minfo: check testclient == r.getClient() has passed[0;39;49m
/home/student/gitrepo/mkac_wt_1400_02/kostyk/Workshop/CarRental/tests/RentTest.cpp(33): [1;32;49minfo: check testvehicle == r.getVehicle() has passed[0;39;49m
/home/student/gitrepo/mkac_wt_1400_02/kostyk/Workshop/CarRental/tests/RentTest.cpp(34): [1;32;49minfo: check testclient->getCurrentRents() == to_string(r.getId())+ " " has passed[0;39;49m
/home/student/gitrepo/mkac_wt_1400_02/kostyk/Workshop/CarRental/tests/RentTest.cpp(35): [1;32;49minfo: check testvehicle->isRented() == true has passed[0;39;49m
[1;34;49m/home/student/gitrepo/mkac_wt_1400_02/kostyk/Workshop/CarRental/tests/RentTest.cpp(29): Leaving test case "ParameterConstrutorTest"; testing time: 178us
[0;39;49m[1;34;49m/home/student/gitrepo/mkac_wt_1400_02/kostyk/Workshop/CarRental/tests/RentTest.cpp(38): Entering test case "ClientgetCurrentRents"
[0;39;49m/home/student/gitrepo/mkac_wt_1400_02/kostyk/Workshop/CarRental/tests/RentTest.cpp(40): [1;32;49minfo: check testclient->getCurrentRents() == to_string(r.getId())+ " " has passed[0;39;49m
[1;34;49m/home/student/gitrepo/mkac_wt_1400_02/kostyk/Workshop/CarRental/tests/RentTest.cpp(38): Leaving test case "ClientgetCurrentRents"; testing time: 148us
[0;39;49m[1;34;49m/home/student/gitrepo/mkac_wt_1400_02/kostyk/Workshop/CarRental/tests/RentTest.cpp(43): Entering test case "ClientsetCurrentRents"
[0;39;49m/home/student/gitrepo/mkac_wt_1400_02/kostyk/Workshop/CarRental/tests/RentTest.cpp(47): [1;32;49minfo: check testclient->getCurrentRents() == to_string(r.getId())+ " "+ to_string(r.getId())+ " " has passed[0;39;49m
[1;34;49m/home/student/gitrepo/mkac_wt_1400_02/kostyk/Workshop/CarRental/tests/RentTest.cpp(43): Leaving test case "ClientsetCurrentRents"; testing time: 158us
[0;39;49m[1;34;49m/home/student/gitrepo/mkac_wt_1400_02/kostyk/Workshop/CarRental/tests/RentTest.cpp(27): Leaving test suite "TestSuiteRent"; testing time: 508us
[0;39;49m[1;34;49mLeaving test module "Master Test Suite"; testing time: 3450us
[0;39;49m
Test module "Master Test Suite" has passed with:
  24 test cases out of 24 passed
  34 assertions out of 34 passed

  Test suite "TestSuiteClient" has passed with:
    9 test cases out of 9 passed
    12 assertions out of 12 passed

    Test case "TestSuiteClient/ParameterConstrutorTest" has passed with:
      4 assertions out of 4 passed

    Test case "TestSuiteClient/ClientgetFirstNameTest" has passed with:
      1 assertion out of 1 passed

    Test case "TestSuiteClient/ClientgetLastNameTest" has passed with:
      1 assertion out of 1 passed

    Test case "TestSuiteClient/ClientgetPerssonalIDTest" has passed with:
      1 assertion out of 1 passed

    Test case "TestSuiteClient/ClientgetAddress" has passed with:
      1 assertion out of 1 passed

    Test case "TestSuiteClient/ClientsetFirstNameTest" has passed with:
      1 assertion out of 1 passed

    Test case "TestSuiteClient/ClientsetLastNameTest" has passed with:
      1 assertion out of 1 passed

    Test case "TestSuiteClient/ClientsetPersonalIDTest" has passed with:
      1 assertion out of 1 passed

    Test case "TestSuiteClient/ClientsetAddress" has passed with:
      1 assertion out of 1 passed

  Test suite "TestSuiteAddress" has passed with:
    7 test cases out of 7 passed
    9 assertions out of 9 passed

    Test case "TestSuiteAddress/ParameterConstrutorTest" has passed with:
      3 assertions out of 3 passed

    Test case "TestSuiteAddress/AddressgetCity" has passed with:
      1 assertion out of 1 passed

    Test case "TestSuiteAddress/AddressgetStreet" has passed with:
      1 assertion out of 1 passed

    Test case "TestSuiteAddress/AddressgetNumber" has passed with:
      1 assertion out of 1 passed

    Test case "TestSuiteAddress/AddresssetCity" has passed with:
      1 assertion out of 1 passed

    Test case "TestSuiteAddress/AddresssetStreet" has passed with:
      1 assertion out of 1 passed

    Test case "TestSuiteAddress/AddresssetNumber" has passed with:
      1 assertion out of 1 passed

  Test suite "TestSuiteVehicle" has passed with:
    5 test cases out of 5 passed
    6 assertions out of 6 passed

    Test case "TestSuiteVehicle/ParameterConstrutorTest" has passed with:
      2 assertions out of 2 passed

    Test case "TestSuiteVehicle/VehiclegetPlateNumberTest" has passed with:
      1 assertion out of 1 passed

    Test case "TestSuiteVehicle/VehiclegetBasePrice" has passed with:
      1 assertion out of 1 passed

    Test case "TestSuiteVehicle/VehiclesetPlateNumber" has passed with:
      1 assertion out of 1 passed

    Test case "TestSuiteVehicle/VehiclesetBasePrice" has passed with:
      1 assertion out of 1 passed

  Test suite "TestSuiteRent" has passed with:
    3 test cases out of 3 passed
    7 assertions out of 7 passed

    Test case "TestSuiteRent/ParameterConstrutorTest" has passed with:
      5 assertions out of 5 passed

    Test case "TestSuiteRent/ClientgetCurrentRents" has passed with:
      1 assertion out of 1 passed

    Test case "TestSuiteRent/ClientsetCurrentRents" has passed with:
      1 assertion out of 1 passed

<end of output>
Test time =   0.01 sec
----------------------------------------------------------
Test Passed.
"LibraryTest1" end time: May 02 17:14 CEST
"LibraryTest1" time elapsed: 00:00:00
----------------------------------------------------------

End testing: May 02 17:14 CEST
